[ 2023-10-09 13:35:26,990 ] 16 root - INFO - >>>>>>>>>>>>>>>>>>>>>>>>>>>>>>>>>>>>>>>> Data Ingestion <<<<<<<<<<<<<<<<<<<<<<<<<<<<<<<<<<<<<<<<
[ 2023-10-09 13:35:26,991 ] 23 root - INFO - Exporting collection data as pandas dataframe
[ 2023-10-09 13:35:26,991 ] 21 root - INFO - Reading data from database: aps and collection: sensor
[ 2023-10-09 13:35:31,065 ] 23 root - INFO - Found columns: Index(['_id', 'class', 'aa_000', 'ab_000', 'ac_000', 'ad_000', 'ae_000',
       'af_000', 'ag_000', 'ag_001',
       ...
       'ee_002', 'ee_003', 'ee_004', 'ee_005', 'ee_006', 'ee_007', 'ee_008',
       'ee_009', 'ef_000', 'eg_000'],
      dtype='object', length=172)
[ 2023-10-09 13:35:31,067 ] 25 root - INFO - Dropping column: _id 
[ 2023-10-09 13:35:31,119 ] 27 root - INFO - Row and columns in df: (4999, 171)
[ 2023-10-09 13:35:31,119 ] 29 root - INFO - Save data in feature store
[ 2023-10-09 13:35:31,503 ] 35 root - INFO - Create feature store folder if not available
[ 2023-10-09 13:35:31,507 ] 39 root - INFO - Save df to feature store folder
[ 2023-10-09 13:35:32,115 ] 44 root - INFO - split dataset into train and test set
[ 2023-10-09 13:35:32,197 ] 48 root - INFO - create dataset directory folder if not available
[ 2023-10-09 13:35:32,198 ] 53 root - INFO - Save df to feature store folder
[ 2023-10-09 13:35:32,655 ] 65 root - INFO - Data ingestion artifact: DataIngestionArtifact(feature_store_file_path='C:\\Users\\prash\\Downloads\\aps-fault-detection-main (2)\\aps-fault-detection-main-original\\artifact\\10092023__133526\\data_ingestion\\feature_store\\sensor.csv', train_file_path='C:\\Users\\prash\\Downloads\\aps-fault-detection-main (2)\\aps-fault-detection-main-original\\artifact\\10092023__133526\\data_ingestion\\dataset\\train.csv', test_file_path='C:\\Users\\prash\\Downloads\\aps-fault-detection-main (2)\\aps-fault-detection-main-original\\artifact\\10092023__133526\\data_ingestion\\dataset\\test.csv')
[ 2023-10-09 13:35:32,744 ] 22 root - INFO - >>>>>>>>>>>>>>>>>>>>>>>>>>>>>>>>>>>>>>>> Data Validation <<<<<<<<<<<<<<<<<<<<<<<<<<<<<<<<<<<<<<<<
[ 2023-10-09 13:35:32,744 ] 111 root - INFO - Reading base dataframe
[ 2023-10-09 13:35:33,288 ] 114 root - INFO - Replace na value in base df
[ 2023-10-09 13:35:33,288 ] 116 root - INFO - Drop null values colums from base df
[ 2023-10-09 13:35:33,341 ] 45 root - INFO - selecting column name which contains null above to 0.2
[ 2023-10-09 13:35:33,341 ] 48 root - INFO - Columns to drop: ['ab_000', 'ad_000', 'bk_000', 'bl_000', 'bm_000', 'bn_000', 'bo_000', 'bp_000', 'bq_000', 'br_000', 'cf_000', 'cg_000', 'ch_000', 'co_000', 'cr_000', 'ct_000', 'cu_000', 'cv_000', 'cx_000', 'cy_000', 'cz_000', 'da_000', 'db_000', 'dc_000']
[ 2023-10-09 13:35:33,360 ] 119 root - INFO - Reading train dataframe
[ 2023-10-09 13:35:33,500 ] 121 root - INFO - Reading test dataframe
[ 2023-10-09 13:35:33,562 ] 124 root - INFO - Drop null values colums from train df
[ 2023-10-09 13:35:33,565 ] 45 root - INFO - selecting column name which contains null above to 0.2
[ 2023-10-09 13:35:33,566 ] 48 root - INFO - Columns to drop: ['ab_000', 'ad_000', 'bk_000', 'bl_000', 'bm_000', 'bn_000', 'bo_000', 'bp_000', 'bq_000', 'br_000', 'cf_000', 'cg_000', 'ch_000', 'co_000', 'cr_000', 'ct_000', 'cu_000', 'cv_000', 'cx_000', 'cy_000', 'cz_000', 'da_000', 'db_000', 'dc_000']
[ 2023-10-09 13:35:33,569 ] 126 root - INFO - Drop null values colums from test df
[ 2023-10-09 13:35:33,572 ] 45 root - INFO - selecting column name which contains null above to 0.2
[ 2023-10-09 13:35:33,572 ] 48 root - INFO - Columns to drop: ['ab_000', 'ad_000', 'bk_000', 'bl_000', 'bm_000', 'bn_000', 'bo_000', 'bp_000', 'bq_000', 'br_000', 'cf_000', 'cg_000', 'ch_000', 'co_000', 'cr_000', 'ct_000', 'cu_000', 'cv_000', 'cx_000', 'cy_000', 'cz_000', 'da_000', 'db_000', 'dc_000']
[ 2023-10-09 13:35:34,146 ] 135 root - INFO - Is all required columns present in train df
[ 2023-10-09 13:35:34,147 ] 137 root - INFO - Is all required columns present in test df
[ 2023-10-09 13:35:34,147 ] 141 root - INFO - As all column are available in train df hence detecting data drift
[ 2023-10-09 13:35:34,147 ] 89 root - INFO - Hypothesis class: object, object 
[ 2023-10-09 13:35:34,187 ] 89 root - INFO - Hypothesis aa_000: float64, float64 
[ 2023-10-09 13:35:34,194 ] 89 root - INFO - Hypothesis ac_000: float64, float64 
[ 2023-10-09 13:35:34,202 ] 89 root - INFO - Hypothesis ae_000: float64, float64 
[ 2023-10-09 13:35:34,205 ] 89 root - INFO - Hypothesis af_000: float64, float64 
[ 2023-10-09 13:35:34,208 ] 89 root - INFO - Hypothesis ag_000: float64, float64 
[ 2023-10-09 13:35:34,210 ] 89 root - INFO - Hypothesis ag_001: float64, float64 
[ 2023-10-09 13:35:34,213 ] 89 root - INFO - Hypothesis ag_002: float64, float64 
[ 2023-10-09 13:35:34,218 ] 89 root - INFO - Hypothesis ag_003: float64, float64 
[ 2023-10-09 13:35:34,224 ] 89 root - INFO - Hypothesis ag_004: float64, float64 
[ 2023-10-09 13:35:34,230 ] 89 root - INFO - Hypothesis ag_005: float64, float64 
[ 2023-10-09 13:35:34,236 ] 89 root - INFO - Hypothesis ag_006: float64, float64 
[ 2023-10-09 13:35:34,240 ] 89 root - INFO - Hypothesis ag_007: float64, float64 
[ 2023-10-09 13:35:34,245 ] 89 root - INFO - Hypothesis ag_008: float64, float64 
[ 2023-10-09 13:35:34,250 ] 89 root - INFO - Hypothesis ag_009: float64, float64 
[ 2023-10-09 13:35:34,253 ] 89 root - INFO - Hypothesis ah_000: float64, float64 
[ 2023-10-09 13:35:34,259 ] 89 root - INFO - Hypothesis ai_000: float64, float64 
[ 2023-10-09 13:35:34,263 ] 89 root - INFO - Hypothesis aj_000: float64, float64 
[ 2023-10-09 13:35:34,268 ] 89 root - INFO - Hypothesis ak_000: float64, float64 
[ 2023-10-09 13:35:34,271 ] 89 root - INFO - Hypothesis al_000: float64, float64 
[ 2023-10-09 13:35:34,276 ] 89 root - INFO - Hypothesis am_0: float64, float64 
[ 2023-10-09 13:35:34,280 ] 89 root - INFO - Hypothesis an_000: float64, float64 
[ 2023-10-09 13:35:34,286 ] 89 root - INFO - Hypothesis ao_000: float64, float64 
[ 2023-10-09 13:35:34,293 ] 89 root - INFO - Hypothesis ap_000: float64, float64 
[ 2023-10-09 13:35:34,303 ] 89 root - INFO - Hypothesis aq_000: float64, float64 
[ 2023-10-09 13:35:34,309 ] 89 root - INFO - Hypothesis ar_000: float64, float64 
[ 2023-10-09 13:35:34,313 ] 89 root - INFO - Hypothesis as_000: float64, float64 
[ 2023-10-09 13:35:34,315 ] 89 root - INFO - Hypothesis at_000: float64, float64 
[ 2023-10-09 13:35:34,319 ] 89 root - INFO - Hypothesis au_000: float64, float64 
[ 2023-10-09 13:35:34,322 ] 89 root - INFO - Hypothesis av_000: float64, float64 
[ 2023-10-09 13:35:34,327 ] 89 root - INFO - Hypothesis ax_000: float64, float64 
[ 2023-10-09 13:35:34,332 ] 89 root - INFO - Hypothesis ay_000: float64, float64 
[ 2023-10-09 13:35:34,335 ] 89 root - INFO - Hypothesis ay_001: float64, float64 
[ 2023-10-09 13:35:34,339 ] 89 root - INFO - Hypothesis ay_002: float64, float64 
[ 2023-10-09 13:35:34,341 ] 89 root - INFO - Hypothesis ay_003: float64, float64 
[ 2023-10-09 13:35:34,343 ] 89 root - INFO - Hypothesis ay_004: float64, float64 
[ 2023-10-09 13:35:34,345 ] 89 root - INFO - Hypothesis ay_005: float64, float64 
[ 2023-10-09 13:35:34,348 ] 89 root - INFO - Hypothesis ay_006: float64, float64 
[ 2023-10-09 13:35:34,353 ] 89 root - INFO - Hypothesis ay_007: float64, float64 
[ 2023-10-09 13:35:34,358 ] 89 root - INFO - Hypothesis ay_008: float64, float64 
[ 2023-10-09 13:35:34,363 ] 89 root - INFO - Hypothesis ay_009: float64, float64 
[ 2023-10-09 13:35:34,365 ] 89 root - INFO - Hypothesis az_000: float64, float64 
[ 2023-10-09 13:35:34,370 ] 89 root - INFO - Hypothesis az_001: float64, float64 
[ 2023-10-09 13:35:34,375 ] 89 root - INFO - Hypothesis az_002: float64, float64 
[ 2023-10-09 13:35:34,379 ] 89 root - INFO - Hypothesis az_003: float64, float64 
[ 2023-10-09 13:35:34,385 ] 89 root - INFO - Hypothesis az_004: float64, float64 
[ 2023-10-09 13:35:34,391 ] 89 root - INFO - Hypothesis az_005: float64, float64 
[ 2023-10-09 13:35:34,396 ] 89 root - INFO - Hypothesis az_006: float64, float64 
[ 2023-10-09 13:35:34,402 ] 89 root - INFO - Hypothesis az_007: float64, float64 
[ 2023-10-09 13:35:34,405 ] 89 root - INFO - Hypothesis az_008: float64, float64 
[ 2023-10-09 13:35:34,406 ] 89 root - INFO - Hypothesis az_009: float64, float64 
[ 2023-10-09 13:35:34,409 ] 89 root - INFO - Hypothesis ba_000: float64, float64 
[ 2023-10-09 13:35:34,415 ] 89 root - INFO - Hypothesis ba_001: float64, float64 
[ 2023-10-09 13:35:34,421 ] 89 root - INFO - Hypothesis ba_002: float64, float64 
[ 2023-10-09 13:35:34,426 ] 89 root - INFO - Hypothesis ba_003: float64, float64 
[ 2023-10-09 13:35:34,432 ] 89 root - INFO - Hypothesis ba_004: float64, float64 
[ 2023-10-09 13:35:34,438 ] 89 root - INFO - Hypothesis ba_005: float64, float64 
[ 2023-10-09 13:35:34,444 ] 89 root - INFO - Hypothesis ba_006: float64, float64 
[ 2023-10-09 13:35:34,450 ] 89 root - INFO - Hypothesis ba_007: float64, float64 
[ 2023-10-09 13:35:34,456 ] 89 root - INFO - Hypothesis ba_008: float64, float64 
[ 2023-10-09 13:35:34,460 ] 89 root - INFO - Hypothesis ba_009: float64, float64 
[ 2023-10-09 13:35:34,464 ] 89 root - INFO - Hypothesis bb_000: float64, float64 
[ 2023-10-09 13:35:34,469 ] 89 root - INFO - Hypothesis bc_000: float64, float64 
[ 2023-10-09 13:35:34,474 ] 89 root - INFO - Hypothesis bd_000: float64, float64 
[ 2023-10-09 13:35:34,480 ] 89 root - INFO - Hypothesis be_000: float64, float64 
[ 2023-10-09 13:35:34,489 ] 89 root - INFO - Hypothesis bf_000: float64, float64 
[ 2023-10-09 13:35:34,492 ] 89 root - INFO - Hypothesis bg_000: float64, float64 
[ 2023-10-09 13:35:34,498 ] 89 root - INFO - Hypothesis bh_000: float64, float64 
[ 2023-10-09 13:35:34,503 ] 89 root - INFO - Hypothesis bi_000: float64, float64 
[ 2023-10-09 13:35:34,507 ] 89 root - INFO - Hypothesis bj_000: float64, float64 
[ 2023-10-09 13:35:34,512 ] 89 root - INFO - Hypothesis bs_000: float64, float64 
[ 2023-10-09 13:35:34,517 ] 89 root - INFO - Hypothesis bt_000: float64, float64 
[ 2023-10-09 13:35:34,522 ] 89 root - INFO - Hypothesis bu_000: float64, float64 
[ 2023-10-09 13:35:34,528 ] 89 root - INFO - Hypothesis bv_000: float64, float64 
[ 2023-10-09 13:35:34,534 ] 89 root - INFO - Hypothesis bx_000: float64, float64 
[ 2023-10-09 13:35:34,539 ] 89 root - INFO - Hypothesis by_000: float64, float64 
[ 2023-10-09 13:35:34,544 ] 89 root - INFO - Hypothesis bz_000: float64, float64 
[ 2023-10-09 13:35:34,550 ] 89 root - INFO - Hypothesis ca_000: float64, float64 
[ 2023-10-09 13:35:34,553 ] 89 root - INFO - Hypothesis cb_000: float64, float64 
[ 2023-10-09 13:35:34,558 ] 89 root - INFO - Hypothesis cc_000: float64, float64 
[ 2023-10-09 13:35:34,563 ] 89 root - INFO - Hypothesis cd_000: float64, float64 
[ 2023-10-09 13:35:34,564 ] 89 root - INFO - Hypothesis ce_000: float64, float64 
[ 2023-10-09 13:35:34,569 ] 89 root - INFO - Hypothesis ci_000: float64, float64 
[ 2023-10-09 13:35:34,574 ] 89 root - INFO - Hypothesis cj_000: float64, float64 
[ 2023-10-09 13:35:34,577 ] 89 root - INFO - Hypothesis ck_000: float64, float64 
[ 2023-10-09 13:35:34,582 ] 89 root - INFO - Hypothesis cl_000: float64, float64 
[ 2023-10-09 13:35:34,585 ] 89 root - INFO - Hypothesis cm_000: float64, float64 
[ 2023-10-09 13:35:34,589 ] 89 root - INFO - Hypothesis cn_000: float64, float64 
[ 2023-10-09 13:35:34,591 ] 89 root - INFO - Hypothesis cn_001: float64, float64 
[ 2023-10-09 13:35:34,595 ] 89 root - INFO - Hypothesis cn_002: float64, float64 
[ 2023-10-09 13:35:34,599 ] 89 root - INFO - Hypothesis cn_003: float64, float64 
[ 2023-10-09 13:35:34,604 ] 89 root - INFO - Hypothesis cn_004: float64, float64 
[ 2023-10-09 13:35:34,609 ] 89 root - INFO - Hypothesis cn_005: float64, float64 
[ 2023-10-09 13:35:34,613 ] 89 root - INFO - Hypothesis cn_006: float64, float64 
[ 2023-10-09 13:35:34,618 ] 89 root - INFO - Hypothesis cn_007: float64, float64 
[ 2023-10-09 13:35:34,623 ] 89 root - INFO - Hypothesis cn_008: float64, float64 
[ 2023-10-09 13:35:34,628 ] 89 root - INFO - Hypothesis cn_009: float64, float64 
[ 2023-10-09 13:35:34,631 ] 89 root - INFO - Hypothesis cp_000: float64, float64 
[ 2023-10-09 13:35:34,635 ] 89 root - INFO - Hypothesis cq_000: float64, float64 
[ 2023-10-09 13:35:34,641 ] 89 root - INFO - Hypothesis cs_000: float64, float64 
[ 2023-10-09 13:35:34,647 ] 89 root - INFO - Hypothesis cs_001: float64, float64 
[ 2023-10-09 13:35:34,652 ] 89 root - INFO - Hypothesis cs_002: float64, float64 
[ 2023-10-09 13:35:34,657 ] 89 root - INFO - Hypothesis cs_003: float64, float64 
[ 2023-10-09 13:35:34,661 ] 89 root - INFO - Hypothesis cs_004: float64, float64 
[ 2023-10-09 13:35:34,666 ] 89 root - INFO - Hypothesis cs_005: float64, float64 
[ 2023-10-09 13:35:34,672 ] 89 root - INFO - Hypothesis cs_006: float64, float64 
[ 2023-10-09 13:35:34,678 ] 89 root - INFO - Hypothesis cs_007: float64, float64 
[ 2023-10-09 13:35:34,684 ] 89 root - INFO - Hypothesis cs_008: float64, float64 
[ 2023-10-09 13:35:34,688 ] 89 root - INFO - Hypothesis cs_009: float64, float64 
[ 2023-10-09 13:35:34,691 ] 89 root - INFO - Hypothesis dd_000: float64, float64 
[ 2023-10-09 13:35:34,697 ] 89 root - INFO - Hypothesis de_000: float64, float64 
[ 2023-10-09 13:35:34,702 ] 89 root - INFO - Hypothesis df_000: float64, float64 
[ 2023-10-09 13:35:34,705 ] 89 root - INFO - Hypothesis dg_000: float64, float64 
[ 2023-10-09 13:35:34,707 ] 89 root - INFO - Hypothesis dh_000: float64, float64 
[ 2023-10-09 13:35:34,709 ] 89 root - INFO - Hypothesis di_000: float64, float64 
[ 2023-10-09 13:35:34,712 ] 89 root - INFO - Hypothesis dj_000: float64, float64 
[ 2023-10-09 13:35:34,714 ] 89 root - INFO - Hypothesis dk_000: float64, float64 
[ 2023-10-09 13:35:34,715 ] 89 root - INFO - Hypothesis dl_000: float64, float64 
[ 2023-10-09 13:35:34,717 ] 89 root - INFO - Hypothesis dm_000: float64, float64 
[ 2023-10-09 13:35:34,719 ] 89 root - INFO - Hypothesis dn_000: float64, float64 
[ 2023-10-09 13:35:34,724 ] 89 root - INFO - Hypothesis do_000: float64, float64 
[ 2023-10-09 13:35:34,729 ] 89 root - INFO - Hypothesis dp_000: float64, float64 
[ 2023-10-09 13:35:34,735 ] 89 root - INFO - Hypothesis dq_000: float64, float64 
[ 2023-10-09 13:35:34,738 ] 89 root - INFO - Hypothesis dr_000: float64, float64 
[ 2023-10-09 13:35:34,741 ] 89 root - INFO - Hypothesis ds_000: float64, float64 
[ 2023-10-09 13:35:34,746 ] 89 root - INFO - Hypothesis dt_000: float64, float64 
[ 2023-10-09 13:35:34,752 ] 89 root - INFO - Hypothesis du_000: float64, float64 
[ 2023-10-09 13:35:34,757 ] 89 root - INFO - Hypothesis dv_000: float64, float64 
[ 2023-10-09 13:35:34,762 ] 89 root - INFO - Hypothesis dx_000: float64, float64 
[ 2023-10-09 13:35:34,765 ] 89 root - INFO - Hypothesis dy_000: float64, float64 
[ 2023-10-09 13:35:34,768 ] 89 root - INFO - Hypothesis dz_000: float64, float64 
[ 2023-10-09 13:35:34,769 ] 89 root - INFO - Hypothesis ea_000: float64, float64 
[ 2023-10-09 13:35:34,771 ] 89 root - INFO - Hypothesis eb_000: float64, float64 
[ 2023-10-09 13:35:34,775 ] 89 root - INFO - Hypothesis ec_00: float64, float64 
[ 2023-10-09 13:35:34,779 ] 89 root - INFO - Hypothesis ed_000: float64, float64 
[ 2023-10-09 13:35:34,784 ] 89 root - INFO - Hypothesis ee_000: float64, float64 
[ 2023-10-09 13:35:34,789 ] 89 root - INFO - Hypothesis ee_001: float64, float64 
[ 2023-10-09 13:35:34,794 ] 89 root - INFO - Hypothesis ee_002: float64, float64 
[ 2023-10-09 13:35:34,800 ] 89 root - INFO - Hypothesis ee_003: float64, float64 
[ 2023-10-09 13:35:34,805 ] 89 root - INFO - Hypothesis ee_004: float64, float64 
[ 2023-10-09 13:35:34,811 ] 89 root - INFO - Hypothesis ee_005: float64, float64 
[ 2023-10-09 13:35:34,818 ] 89 root - INFO - Hypothesis ee_006: float64, float64 
[ 2023-10-09 13:35:34,824 ] 89 root - INFO - Hypothesis ee_007: float64, float64 
[ 2023-10-09 13:35:34,830 ] 89 root - INFO - Hypothesis ee_008: float64, float64 
[ 2023-10-09 13:35:34,835 ] 89 root - INFO - Hypothesis ee_009: float64, float64 
[ 2023-10-09 13:35:34,841 ] 89 root - INFO - Hypothesis ef_000: float64, float64 
[ 2023-10-09 13:35:34,844 ] 89 root - INFO - Hypothesis eg_000: float64, float64 
[ 2023-10-09 13:35:34,846 ] 144 root - INFO - As all column are available in test df hence detecting data drift
[ 2023-10-09 13:35:34,846 ] 89 root - INFO - Hypothesis class: object, object 
[ 2023-10-09 13:35:34,863 ] 89 root - INFO - Hypothesis aa_000: float64, float64 
[ 2023-10-09 13:35:34,868 ] 89 root - INFO - Hypothesis ac_000: float64, float64 
[ 2023-10-09 13:35:34,874 ] 89 root - INFO - Hypothesis ae_000: float64, float64 
[ 2023-10-09 13:35:34,877 ] 89 root - INFO - Hypothesis af_000: float64, float64 
[ 2023-10-09 13:35:34,879 ] 89 root - INFO - Hypothesis ag_000: float64, float64 
[ 2023-10-09 13:35:34,880 ] 89 root - INFO - Hypothesis ag_001: float64, float64 
[ 2023-10-09 13:35:34,883 ] 89 root - INFO - Hypothesis ag_002: float64, float64 
[ 2023-10-09 13:35:34,887 ] 89 root - INFO - Hypothesis ag_003: float64, float64 
[ 2023-10-09 13:35:34,892 ] 89 root - INFO - Hypothesis ag_004: float64, float64 
[ 2023-10-09 13:35:34,897 ] 89 root - INFO - Hypothesis ag_005: float64, float64 
[ 2023-10-09 13:35:34,901 ] 89 root - INFO - Hypothesis ag_006: float64, float64 
[ 2023-10-09 13:35:34,905 ] 89 root - INFO - Hypothesis ag_007: float64, float64 
[ 2023-10-09 13:35:34,908 ] 89 root - INFO - Hypothesis ag_008: float64, float64 
[ 2023-10-09 13:35:34,912 ] 89 root - INFO - Hypothesis ag_009: float64, float64 
[ 2023-10-09 13:35:34,914 ] 89 root - INFO - Hypothesis ah_000: float64, float64 
[ 2023-10-09 13:35:34,919 ] 89 root - INFO - Hypothesis ai_000: float64, float64 
[ 2023-10-09 13:35:34,922 ] 89 root - INFO - Hypothesis aj_000: float64, float64 
[ 2023-10-09 13:35:34,925 ] 89 root - INFO - Hypothesis ak_000: float64, float64 
[ 2023-10-09 13:35:34,926 ] 89 root - INFO - Hypothesis al_000: float64, float64 
[ 2023-10-09 13:35:34,929 ] 89 root - INFO - Hypothesis am_0: float64, float64 
[ 2023-10-09 13:35:34,932 ] 89 root - INFO - Hypothesis an_000: float64, float64 
[ 2023-10-09 13:35:34,937 ] 89 root - INFO - Hypothesis ao_000: float64, float64 
[ 2023-10-09 13:35:34,941 ] 89 root - INFO - Hypothesis ap_000: float64, float64 
[ 2023-10-09 13:35:34,945 ] 89 root - INFO - Hypothesis aq_000: float64, float64 
[ 2023-10-09 13:35:34,950 ] 89 root - INFO - Hypothesis ar_000: float64, float64 
[ 2023-10-09 13:35:34,952 ] 89 root - INFO - Hypothesis as_000: float64, float64 
[ 2023-10-09 13:35:34,954 ] 89 root - INFO - Hypothesis at_000: float64, float64 
[ 2023-10-09 13:35:34,958 ] 89 root - INFO - Hypothesis au_000: float64, float64 
[ 2023-10-09 13:35:34,960 ] 89 root - INFO - Hypothesis av_000: float64, float64 
[ 2023-10-09 13:35:34,964 ] 89 root - INFO - Hypothesis ax_000: float64, float64 
[ 2023-10-09 13:35:34,969 ] 89 root - INFO - Hypothesis ay_000: float64, float64 
[ 2023-10-09 13:35:34,970 ] 89 root - INFO - Hypothesis ay_001: float64, float64 
[ 2023-10-09 13:35:34,972 ] 89 root - INFO - Hypothesis ay_002: float64, float64 
[ 2023-10-09 13:35:34,974 ] 89 root - INFO - Hypothesis ay_003: float64, float64 
[ 2023-10-09 13:35:34,975 ] 89 root - INFO - Hypothesis ay_004: float64, float64 
[ 2023-10-09 13:35:34,978 ] 89 root - INFO - Hypothesis ay_005: float64, float64 
[ 2023-10-09 13:35:34,981 ] 89 root - INFO - Hypothesis ay_006: float64, float64 
[ 2023-10-09 13:35:34,984 ] 89 root - INFO - Hypothesis ay_007: float64, float64 
[ 2023-10-09 13:35:34,987 ] 89 root - INFO - Hypothesis ay_008: float64, float64 
[ 2023-10-09 13:35:34,992 ] 89 root - INFO - Hypothesis ay_009: float64, float64 
[ 2023-10-09 13:35:34,993 ] 89 root - INFO - Hypothesis az_000: float64, float64 
[ 2023-10-09 13:35:34,996 ] 89 root - INFO - Hypothesis az_001: float64, float64 
[ 2023-10-09 13:35:35,002 ] 89 root - INFO - Hypothesis az_002: float64, float64 
[ 2023-10-09 13:35:35,006 ] 89 root - INFO - Hypothesis az_003: float64, float64 
[ 2023-10-09 13:35:35,010 ] 89 root - INFO - Hypothesis az_004: float64, float64 
[ 2023-10-09 13:35:35,015 ] 89 root - INFO - Hypothesis az_005: float64, float64 
[ 2023-10-09 13:35:35,019 ] 89 root - INFO - Hypothesis az_006: float64, float64 
[ 2023-10-09 13:35:35,023 ] 89 root - INFO - Hypothesis az_007: float64, float64 
[ 2023-10-09 13:35:35,025 ] 89 root - INFO - Hypothesis az_008: float64, float64 
[ 2023-10-09 13:35:35,026 ] 89 root - INFO - Hypothesis az_009: float64, float64 
[ 2023-10-09 13:35:35,028 ] 89 root - INFO - Hypothesis ba_000: float64, float64 
[ 2023-10-09 13:35:35,033 ] 89 root - INFO - Hypothesis ba_001: float64, float64 
[ 2023-10-09 13:35:35,038 ] 89 root - INFO - Hypothesis ba_002: float64, float64 
[ 2023-10-09 13:35:35,043 ] 89 root - INFO - Hypothesis ba_003: float64, float64 
[ 2023-10-09 13:35:35,047 ] 89 root - INFO - Hypothesis ba_004: float64, float64 
[ 2023-10-09 13:35:35,052 ] 89 root - INFO - Hypothesis ba_005: float64, float64 
[ 2023-10-09 13:35:35,057 ] 89 root - INFO - Hypothesis ba_006: float64, float64 
[ 2023-10-09 13:35:35,061 ] 89 root - INFO - Hypothesis ba_007: float64, float64 
[ 2023-10-09 13:35:35,065 ] 89 root - INFO - Hypothesis ba_008: float64, float64 
[ 2023-10-09 13:35:35,069 ] 89 root - INFO - Hypothesis ba_009: float64, float64 
[ 2023-10-09 13:35:35,073 ] 89 root - INFO - Hypothesis bb_000: float64, float64 
[ 2023-10-09 13:35:35,078 ] 89 root - INFO - Hypothesis bc_000: float64, float64 
[ 2023-10-09 13:35:35,081 ] 89 root - INFO - Hypothesis bd_000: float64, float64 
[ 2023-10-09 13:35:35,088 ] 89 root - INFO - Hypothesis be_000: float64, float64 
[ 2023-10-09 13:35:35,093 ] 89 root - INFO - Hypothesis bf_000: float64, float64 
[ 2023-10-09 13:35:35,097 ] 89 root - INFO - Hypothesis bg_000: float64, float64 
[ 2023-10-09 13:35:35,101 ] 89 root - INFO - Hypothesis bh_000: float64, float64 
[ 2023-10-09 13:35:35,106 ] 89 root - INFO - Hypothesis bi_000: float64, float64 
[ 2023-10-09 13:35:35,109 ] 89 root - INFO - Hypothesis bj_000: float64, float64 
[ 2023-10-09 13:35:35,113 ] 89 root - INFO - Hypothesis bs_000: float64, float64 
[ 2023-10-09 13:35:35,117 ] 89 root - INFO - Hypothesis bt_000: float64, float64 
[ 2023-10-09 13:35:35,122 ] 89 root - INFO - Hypothesis bu_000: float64, float64 
[ 2023-10-09 13:35:35,128 ] 89 root - INFO - Hypothesis bv_000: float64, float64 
[ 2023-10-09 13:35:35,133 ] 89 root - INFO - Hypothesis bx_000: float64, float64 
[ 2023-10-09 13:35:35,139 ] 89 root - INFO - Hypothesis by_000: float64, float64 
[ 2023-10-09 13:35:35,143 ] 89 root - INFO - Hypothesis bz_000: float64, float64 
[ 2023-10-09 13:35:35,148 ] 89 root - INFO - Hypothesis ca_000: float64, float64 
[ 2023-10-09 13:35:35,153 ] 89 root - INFO - Hypothesis cb_000: float64, float64 
[ 2023-10-09 13:35:35,156 ] 89 root - INFO - Hypothesis cc_000: float64, float64 
[ 2023-10-09 13:35:35,161 ] 89 root - INFO - Hypothesis cd_000: float64, float64 
[ 2023-10-09 13:35:35,163 ] 89 root - INFO - Hypothesis ce_000: float64, float64 
[ 2023-10-09 13:35:35,167 ] 89 root - INFO - Hypothesis ci_000: float64, float64 
[ 2023-10-09 13:35:35,173 ] 89 root - INFO - Hypothesis cj_000: float64, float64 
[ 2023-10-09 13:35:35,175 ] 89 root - INFO - Hypothesis ck_000: float64, float64 
[ 2023-10-09 13:35:35,180 ] 89 root - INFO - Hypothesis cl_000: float64, float64 
[ 2023-10-09 13:35:35,182 ] 89 root - INFO - Hypothesis cm_000: float64, float64 
[ 2023-10-09 13:35:35,187 ] 89 root - INFO - Hypothesis cn_000: float64, float64 
[ 2023-10-09 13:35:35,189 ] 89 root - INFO - Hypothesis cn_001: float64, float64 
[ 2023-10-09 13:35:35,194 ] 89 root - INFO - Hypothesis cn_002: float64, float64 
[ 2023-10-09 13:35:35,198 ] 89 root - INFO - Hypothesis cn_003: float64, float64 
[ 2023-10-09 13:35:35,203 ] 89 root - INFO - Hypothesis cn_004: float64, float64 
[ 2023-10-09 13:35:35,208 ] 89 root - INFO - Hypothesis cn_005: float64, float64 
[ 2023-10-09 13:35:35,212 ] 89 root - INFO - Hypothesis cn_006: float64, float64 
[ 2023-10-09 13:35:35,217 ] 89 root - INFO - Hypothesis cn_007: float64, float64 
[ 2023-10-09 13:35:35,223 ] 89 root - INFO - Hypothesis cn_008: float64, float64 
[ 2023-10-09 13:35:35,227 ] 89 root - INFO - Hypothesis cn_009: float64, float64 
[ 2023-10-09 13:35:35,230 ] 89 root - INFO - Hypothesis cp_000: float64, float64 
[ 2023-10-09 13:35:35,235 ] 89 root - INFO - Hypothesis cq_000: float64, float64 
[ 2023-10-09 13:35:35,241 ] 89 root - INFO - Hypothesis cs_000: float64, float64 
[ 2023-10-09 13:35:35,247 ] 89 root - INFO - Hypothesis cs_001: float64, float64 
[ 2023-10-09 13:35:35,253 ] 89 root - INFO - Hypothesis cs_002: float64, float64 
[ 2023-10-09 13:35:35,257 ] 89 root - INFO - Hypothesis cs_003: float64, float64 
[ 2023-10-09 13:35:35,262 ] 89 root - INFO - Hypothesis cs_004: float64, float64 
[ 2023-10-09 13:35:35,266 ] 89 root - INFO - Hypothesis cs_005: float64, float64 
[ 2023-10-09 13:35:35,272 ] 89 root - INFO - Hypothesis cs_006: float64, float64 
[ 2023-10-09 13:35:35,277 ] 89 root - INFO - Hypothesis cs_007: float64, float64 
[ 2023-10-09 13:35:35,285 ] 89 root - INFO - Hypothesis cs_008: float64, float64 
[ 2023-10-09 13:35:35,288 ] 89 root - INFO - Hypothesis cs_009: float64, float64 
[ 2023-10-09 13:35:35,290 ] 89 root - INFO - Hypothesis dd_000: float64, float64 
[ 2023-10-09 13:35:35,295 ] 89 root - INFO - Hypothesis de_000: float64, float64 
[ 2023-10-09 13:35:35,300 ] 89 root - INFO - Hypothesis df_000: float64, float64 
[ 2023-10-09 13:35:35,304 ] 89 root - INFO - Hypothesis dg_000: float64, float64 
[ 2023-10-09 13:35:35,306 ] 89 root - INFO - Hypothesis dh_000: float64, float64 
[ 2023-10-09 13:35:35,309 ] 89 root - INFO - Hypothesis di_000: float64, float64 
[ 2023-10-09 13:35:35,311 ] 89 root - INFO - Hypothesis dj_000: float64, float64 
[ 2023-10-09 13:35:35,313 ] 89 root - INFO - Hypothesis dk_000: float64, float64 
[ 2023-10-09 13:35:35,314 ] 89 root - INFO - Hypothesis dl_000: float64, float64 
[ 2023-10-09 13:35:35,316 ] 89 root - INFO - Hypothesis dm_000: float64, float64 
[ 2023-10-09 13:35:35,318 ] 89 root - INFO - Hypothesis dn_000: float64, float64 
[ 2023-10-09 13:35:35,323 ] 89 root - INFO - Hypothesis do_000: float64, float64 
[ 2023-10-09 13:35:35,328 ] 89 root - INFO - Hypothesis dp_000: float64, float64 
[ 2023-10-09 13:35:35,333 ] 89 root - INFO - Hypothesis dq_000: float64, float64 
[ 2023-10-09 13:35:35,337 ] 89 root - INFO - Hypothesis dr_000: float64, float64 
[ 2023-10-09 13:35:35,340 ] 89 root - INFO - Hypothesis ds_000: float64, float64 
[ 2023-10-09 13:35:35,345 ] 89 root - INFO - Hypothesis dt_000: float64, float64 
[ 2023-10-09 13:35:35,351 ] 89 root - INFO - Hypothesis du_000: float64, float64 
[ 2023-10-09 13:35:35,356 ] 89 root - INFO - Hypothesis dv_000: float64, float64 
[ 2023-10-09 13:35:35,360 ] 89 root - INFO - Hypothesis dx_000: float64, float64 
[ 2023-10-09 13:35:35,365 ] 89 root - INFO - Hypothesis dy_000: float64, float64 
[ 2023-10-09 13:35:35,368 ] 89 root - INFO - Hypothesis dz_000: float64, float64 
[ 2023-10-09 13:35:35,369 ] 89 root - INFO - Hypothesis ea_000: float64, float64 
[ 2023-10-09 13:35:35,370 ] 89 root - INFO - Hypothesis eb_000: float64, float64 
[ 2023-10-09 13:35:35,374 ] 89 root - INFO - Hypothesis ec_00: float64, float64 
[ 2023-10-09 13:35:35,377 ] 89 root - INFO - Hypothesis ed_000: float64, float64 
[ 2023-10-09 13:35:35,382 ] 89 root - INFO - Hypothesis ee_000: float64, float64 
[ 2023-10-09 13:35:35,388 ] 89 root - INFO - Hypothesis ee_001: float64, float64 
[ 2023-10-09 13:35:35,392 ] 89 root - INFO - Hypothesis ee_002: float64, float64 
[ 2023-10-09 13:35:35,397 ] 89 root - INFO - Hypothesis ee_003: float64, float64 
[ 2023-10-09 13:35:35,401 ] 89 root - INFO - Hypothesis ee_004: float64, float64 
[ 2023-10-09 13:35:35,407 ] 89 root - INFO - Hypothesis ee_005: float64, float64 
[ 2023-10-09 13:35:35,413 ] 89 root - INFO - Hypothesis ee_006: float64, float64 
[ 2023-10-09 13:35:35,418 ] 89 root - INFO - Hypothesis ee_007: float64, float64 
[ 2023-10-09 13:35:35,422 ] 89 root - INFO - Hypothesis ee_008: float64, float64 
[ 2023-10-09 13:35:35,426 ] 89 root - INFO - Hypothesis ee_009: float64, float64 
[ 2023-10-09 13:35:35,431 ] 89 root - INFO - Hypothesis ef_000: float64, float64 
[ 2023-10-09 13:35:35,432 ] 89 root - INFO - Hypothesis eg_000: float64, float64 
[ 2023-10-09 13:35:35,433 ] 148 root - INFO - Write reprt in yaml file
[ 2023-10-09 13:35:35,603 ] 153 root - INFO - Data validation artifact: DataValidationArtifact(report_file_path='C:\\Users\\prash\\Downloads\\aps-fault-detection-main (2)\\aps-fault-detection-main-original\\artifact\\10092023__133526\\data_validation\\report.yaml')
[ 2023-10-09 13:35:35,620 ] 24 root - INFO - >>>>>>>>>>>>>>>>>>>>>>>>>>>>>>>>>>>>>>>> Data Transformation <<<<<<<<<<<<<<<<<<<<<<<<<<<<<<<<<<<<<<<<
[ 2023-10-09 13:35:35,947 ] 75 root - INFO - Before resampling in training set Input: (3999, 170) Target:(3999,)
[ 2023-10-09 13:35:36,660 ] 77 root - INFO - After resampling in training set Input: (7136, 170) Target:(7136,)
[ 2023-10-09 13:35:36,660 ] 79 root - INFO - Before resampling in testing set Input: (1000, 170) Target:(1000,)
[ 2023-10-09 13:35:36,719 ] 81 root - INFO - After resampling in testing set Input: (1752, 170) Target:(1752,)
[ 2023-10-09 13:35:36,737 ] 54 root - INFO - Entered the save_object method of utils
[ 2023-10-09 13:35:36,744 ] 58 root - INFO - Exited the save_object method of utils
[ 2023-10-09 13:35:36,744 ] 54 root - INFO - Entered the save_object method of utils
[ 2023-10-09 13:35:36,747 ] 58 root - INFO - Exited the save_object method of utils
[ 2023-10-09 13:35:36,747 ] 112 root - INFO - Data transformation object DataTransformationArtifact(transform_object_path='C:\\Users\\prash\\Downloads\\aps-fault-detection-main (2)\\aps-fault-detection-main-original\\artifact\\10092023__133526\\data_transformation\\transformer\\transformer.pkl', transformed_train_path='C:\\Users\\prash\\Downloads\\aps-fault-detection-main (2)\\aps-fault-detection-main-original\\artifact\\10092023__133526\\data_transformation\\transformed\\train.npz', transformed_test_path='C:\\Users\\prash\\Downloads\\aps-fault-detection-main (2)\\aps-fault-detection-main-original\\artifact\\10092023__133526\\data_transformation\\transformed\\test.npz', target_encoder_path='C:\\Users\\prash\\Downloads\\aps-fault-detection-main (2)\\aps-fault-detection-main-original\\artifact\\10092023__133526\\data_transformation\\target_encoder\\target_encoder.pkl')
[ 2023-10-09 13:35:36,751 ] 18 root - INFO - >>>>>>>>>>>>>>>>>>>>>>>>>>>>>>>>>>>>>>>> Model Trainer <<<<<<<<<<<<<<<<<<<<<<<<<<<<<<<<<<<<<<<<
[ 2023-10-09 13:35:36,752 ] 45 root - INFO - Loading train and test array.
[ 2023-10-09 13:35:36,795 ] 49 root - INFO - Splitting input and target feature from both train and test arr.
[ 2023-10-09 13:35:36,795 ] 53 root - INFO - Train the model
[ 2023-10-09 13:35:39,609 ] 56 root - INFO - Calculating f1 train score
[ 2023-10-09 13:35:39,640 ] 60 root - INFO - Calculating f1 test score
[ 2023-10-09 13:35:39,653 ] 64 root - INFO - train score:1.0 and tests score 0.950916617386162
[ 2023-10-09 13:35:39,653 ] 66 root - INFO - Checking if our model is underfitting or not
[ 2023-10-09 13:35:39,653 ] 71 root - INFO - Checking if our model is overfiiting or not
[ 2023-10-09 13:35:39,654 ] 78 root - INFO - Saving mode object
[ 2023-10-09 13:35:39,654 ] 54 root - INFO - Entered the save_object method of utils
[ 2023-10-09 13:35:39,662 ] 58 root - INFO - Exited the save_object method of utils
[ 2023-10-09 13:35:39,662 ] 82 root - INFO - Prepare the artifact
[ 2023-10-09 13:35:39,663 ] 85 root - INFO - Model trainer artifact: ModelTrainerArtifact(model_path='C:\\Users\\prash\\Downloads\\aps-fault-detection-main (2)\\aps-fault-detection-main-original\\artifact\\10092023__133526\\model_trainer\\model\\model.pkl', f1_train_score=1.0, f1_test_score=0.950916617386162)
[ 2023-10-09 13:35:39,666 ] 19 root - INFO - >>>>>>>>>>>>>>>>>>>>>>>>>>>>>>>>>>>>>>>>  Model Evaluation <<<<<<<<<<<<<<<<<<<<<<<<<<<<<<<<<<<<<<<<
[ 2023-10-09 13:35:39,666 ] 35 root - INFO - if saved model folder has model the we will compare which model is best trained or the model from saved model folder
[ 2023-10-09 13:35:39,667 ] 46 root - INFO - Finding location of transformer model and target encoder
[ 2023-10-09 13:35:39,667 ] 51 root - INFO - Previous trained objects of transformer, model and target encoder
[ 2023-10-09 13:35:39,714 ] 58 root - INFO - Currently trained model objects
[ 2023-10-09 13:35:39,822 ] 76 root - INFO - Accuracy using previous trained model: 0.9739130434782608
[ 2023-10-09 13:35:39,849 ] 85 root - INFO - Accuracy using current trained model: 0.8558558558558559
[ 2023-10-09 13:35:39,849 ] 87 root - INFO - Current trained model is not better than previous model
