[ 2023-10-15 11:54:46,144 ] 16 root - INFO - >>>>>>>>>>>>>>>>>>>>>>>>>>>>>>>>>>>>>>>> Data Ingestion <<<<<<<<<<<<<<<<<<<<<<<<<<<<<<<<<<<<<<<<
[ 2023-10-15 11:54:46,145 ] 23 root - INFO - Exporting collection data as pandas dataframe
[ 2023-10-15 11:54:46,145 ] 21 root - INFO - Reading data from database: aps and collection: sensor
[ 2023-10-15 11:54:58,078 ] 23 root - INFO - Found columns: Index(['_id', 'class', 'aa_000', 'ab_000', 'ac_000', 'ad_000', 'ae_000',
       'af_000', 'ag_000', 'ag_001',
       ...
       'ee_002', 'ee_003', 'ee_004', 'ee_005', 'ee_006', 'ee_007', 'ee_008',
       'ee_009', 'ef_000', 'eg_000'],
      dtype='object', length=172)
[ 2023-10-15 11:54:58,087 ] 25 root - INFO - Dropping column: _id 
[ 2023-10-15 11:54:58,148 ] 27 root - INFO - Row and columns in df: (4999, 171)
[ 2023-10-15 11:54:58,149 ] 29 root - INFO - Save data in feature store
[ 2023-10-15 11:54:58,524 ] 35 root - INFO - Create feature store folder if not available
[ 2023-10-15 11:54:58,527 ] 39 root - INFO - Save df to feature store folder
[ 2023-10-15 11:54:59,032 ] 44 root - INFO - split dataset into train and test set
[ 2023-10-15 11:54:59,104 ] 48 root - INFO - create dataset directory folder if not available
[ 2023-10-15 11:54:59,105 ] 53 root - INFO - Save df to feature store folder
[ 2023-10-15 11:54:59,514 ] 65 root - INFO - Data ingestion artifact: DataIngestionArtifact(feature_store_file_path='C:\\Users\\prash\\Downloads\\aps-fault-detection-main (2)\\aps-fault-detection-main-original\\artifact\\10152023__115446\\data_ingestion\\feature_store\\sensor.csv', train_file_path='C:\\Users\\prash\\Downloads\\aps-fault-detection-main (2)\\aps-fault-detection-main-original\\artifact\\10152023__115446\\data_ingestion\\dataset\\train.csv', test_file_path='C:\\Users\\prash\\Downloads\\aps-fault-detection-main (2)\\aps-fault-detection-main-original\\artifact\\10152023__115446\\data_ingestion\\dataset\\test.csv')
[ 2023-10-15 11:54:59,588 ] 22 root - INFO - >>>>>>>>>>>>>>>>>>>>>>>>>>>>>>>>>>>>>>>> Data Validation <<<<<<<<<<<<<<<<<<<<<<<<<<<<<<<<<<<<<<<<
[ 2023-10-15 11:54:59,588 ] 111 root - INFO - Reading base dataframe
[ 2023-10-15 11:55:00,119 ] 114 root - INFO - Replace na value in base df
[ 2023-10-15 11:55:00,119 ] 116 root - INFO - Drop null values colums from base df
[ 2023-10-15 11:55:00,176 ] 45 root - INFO - selecting column name which contains null above to 0.2
[ 2023-10-15 11:55:00,178 ] 48 root - INFO - Columns to drop: ['ab_000', 'ad_000', 'bk_000', 'bl_000', 'bm_000', 'bn_000', 'bo_000', 'bp_000', 'bq_000', 'br_000', 'cf_000', 'cg_000', 'ch_000', 'co_000', 'cr_000', 'ct_000', 'cu_000', 'cv_000', 'cx_000', 'cy_000', 'cz_000', 'da_000', 'db_000', 'dc_000']
[ 2023-10-15 11:55:00,195 ] 119 root - INFO - Reading train dataframe
[ 2023-10-15 11:55:00,318 ] 121 root - INFO - Reading test dataframe
[ 2023-10-15 11:55:00,370 ] 124 root - INFO - Drop null values colums from train df
[ 2023-10-15 11:55:00,374 ] 45 root - INFO - selecting column name which contains null above to 0.2
[ 2023-10-15 11:55:00,375 ] 48 root - INFO - Columns to drop: ['ab_000', 'ad_000', 'bk_000', 'bl_000', 'bm_000', 'bn_000', 'bo_000', 'bp_000', 'bq_000', 'br_000', 'cf_000', 'cg_000', 'ch_000', 'co_000', 'cr_000', 'ct_000', 'cu_000', 'cv_000', 'cx_000', 'cy_000', 'cz_000', 'da_000', 'db_000', 'dc_000']
[ 2023-10-15 11:55:00,378 ] 126 root - INFO - Drop null values colums from test df
[ 2023-10-15 11:55:00,380 ] 45 root - INFO - selecting column name which contains null above to 0.2
[ 2023-10-15 11:55:00,381 ] 48 root - INFO - Columns to drop: ['ab_000', 'ad_000', 'bk_000', 'bl_000', 'bm_000', 'bn_000', 'bo_000', 'bp_000', 'bq_000', 'br_000', 'cf_000', 'cg_000', 'ch_000', 'cm_000', 'co_000', 'cr_000', 'ct_000', 'cu_000', 'cv_000', 'cx_000', 'cy_000', 'cz_000', 'da_000', 'db_000', 'dc_000', 'ec_00']
[ 2023-10-15 11:55:00,965 ] 135 root - INFO - Is all required columns present in train df
[ 2023-10-15 11:55:00,965 ] 137 root - INFO - Is all required columns present in test df
[ 2023-10-15 11:55:00,965 ] 68 root - INFO - Column: [cm_000 is not available.]
[ 2023-10-15 11:55:00,966 ] 68 root - INFO - Column: [ec_00 is not available.]
[ 2023-10-15 11:55:00,966 ] 141 root - INFO - As all column are available in train df hence detecting data drift
[ 2023-10-15 11:55:00,966 ] 89 root - INFO - Hypothesis class: object, object 
[ 2023-10-15 11:55:00,996 ] 89 root - INFO - Hypothesis aa_000: float64, float64 
[ 2023-10-15 11:55:01,000 ] 89 root - INFO - Hypothesis ac_000: float64, float64 
[ 2023-10-15 11:55:01,004 ] 89 root - INFO - Hypothesis ae_000: float64, float64 
[ 2023-10-15 11:55:01,006 ] 89 root - INFO - Hypothesis af_000: float64, float64 
[ 2023-10-15 11:55:01,008 ] 89 root - INFO - Hypothesis ag_000: float64, float64 
[ 2023-10-15 11:55:01,010 ] 89 root - INFO - Hypothesis ag_001: float64, float64 
[ 2023-10-15 11:55:01,012 ] 89 root - INFO - Hypothesis ag_002: float64, float64 
[ 2023-10-15 11:55:01,015 ] 89 root - INFO - Hypothesis ag_003: float64, float64 
[ 2023-10-15 11:55:01,018 ] 89 root - INFO - Hypothesis ag_004: float64, float64 
[ 2023-10-15 11:55:01,023 ] 89 root - INFO - Hypothesis ag_005: float64, float64 
[ 2023-10-15 11:55:01,027 ] 89 root - INFO - Hypothesis ag_006: float64, float64 
[ 2023-10-15 11:55:01,032 ] 89 root - INFO - Hypothesis ag_007: float64, float64 
[ 2023-10-15 11:55:01,037 ] 89 root - INFO - Hypothesis ag_008: float64, float64 
[ 2023-10-15 11:55:01,041 ] 89 root - INFO - Hypothesis ag_009: float64, float64 
[ 2023-10-15 11:55:01,044 ] 89 root - INFO - Hypothesis ah_000: float64, float64 
[ 2023-10-15 11:55:01,047 ] 89 root - INFO - Hypothesis ai_000: float64, float64 
[ 2023-10-15 11:55:01,050 ] 89 root - INFO - Hypothesis aj_000: float64, float64 
[ 2023-10-15 11:55:01,053 ] 89 root - INFO - Hypothesis ak_000: float64, float64 
[ 2023-10-15 11:55:01,055 ] 89 root - INFO - Hypothesis al_000: float64, float64 
[ 2023-10-15 11:55:01,058 ] 89 root - INFO - Hypothesis am_0: float64, float64 
[ 2023-10-15 11:55:01,062 ] 89 root - INFO - Hypothesis an_000: float64, float64 
[ 2023-10-15 11:55:01,065 ] 89 root - INFO - Hypothesis ao_000: float64, float64 
[ 2023-10-15 11:55:01,069 ] 89 root - INFO - Hypothesis ap_000: float64, float64 
[ 2023-10-15 11:55:01,073 ] 89 root - INFO - Hypothesis aq_000: float64, float64 
[ 2023-10-15 11:55:01,077 ] 89 root - INFO - Hypothesis ar_000: float64, float64 
[ 2023-10-15 11:55:01,079 ] 89 root - INFO - Hypothesis as_000: float64, float64 
[ 2023-10-15 11:55:01,081 ] 89 root - INFO - Hypothesis at_000: float64, float64 
[ 2023-10-15 11:55:01,083 ] 89 root - INFO - Hypothesis au_000: float64, float64 
[ 2023-10-15 11:55:01,084 ] 89 root - INFO - Hypothesis av_000: float64, float64 
[ 2023-10-15 11:55:01,089 ] 89 root - INFO - Hypothesis ax_000: float64, float64 
[ 2023-10-15 11:55:01,093 ] 89 root - INFO - Hypothesis ay_000: float64, float64 
[ 2023-10-15 11:55:01,095 ] 89 root - INFO - Hypothesis ay_001: float64, float64 
[ 2023-10-15 11:55:01,098 ] 89 root - INFO - Hypothesis ay_002: float64, float64 
[ 2023-10-15 11:55:01,101 ] 89 root - INFO - Hypothesis ay_003: float64, float64 
[ 2023-10-15 11:55:01,103 ] 89 root - INFO - Hypothesis ay_004: float64, float64 
[ 2023-10-15 11:55:01,105 ] 89 root - INFO - Hypothesis ay_005: float64, float64 
[ 2023-10-15 11:55:01,108 ] 89 root - INFO - Hypothesis ay_006: float64, float64 
[ 2023-10-15 11:55:01,113 ] 89 root - INFO - Hypothesis ay_007: float64, float64 
[ 2023-10-15 11:55:01,117 ] 89 root - INFO - Hypothesis ay_008: float64, float64 
[ 2023-10-15 11:55:01,121 ] 89 root - INFO - Hypothesis ay_009: float64, float64 
[ 2023-10-15 11:55:01,122 ] 89 root - INFO - Hypothesis az_000: float64, float64 
[ 2023-10-15 11:55:01,127 ] 89 root - INFO - Hypothesis az_001: float64, float64 
[ 2023-10-15 11:55:01,132 ] 89 root - INFO - Hypothesis az_002: float64, float64 
[ 2023-10-15 11:55:01,136 ] 89 root - INFO - Hypothesis az_003: float64, float64 
[ 2023-10-15 11:55:01,140 ] 89 root - INFO - Hypothesis az_004: float64, float64 
[ 2023-10-15 11:55:01,144 ] 89 root - INFO - Hypothesis az_005: float64, float64 
[ 2023-10-15 11:55:01,148 ] 89 root - INFO - Hypothesis az_006: float64, float64 
[ 2023-10-15 11:55:01,153 ] 89 root - INFO - Hypothesis az_007: float64, float64 
[ 2023-10-15 11:55:01,157 ] 89 root - INFO - Hypothesis az_008: float64, float64 
[ 2023-10-15 11:55:01,161 ] 89 root - INFO - Hypothesis az_009: float64, float64 
[ 2023-10-15 11:55:01,163 ] 89 root - INFO - Hypothesis ba_000: float64, float64 
[ 2023-10-15 11:55:01,168 ] 89 root - INFO - Hypothesis ba_001: float64, float64 
[ 2023-10-15 11:55:01,172 ] 89 root - INFO - Hypothesis ba_002: float64, float64 
[ 2023-10-15 11:55:01,176 ] 89 root - INFO - Hypothesis ba_003: float64, float64 
[ 2023-10-15 11:55:01,180 ] 89 root - INFO - Hypothesis ba_004: float64, float64 
[ 2023-10-15 11:55:01,184 ] 89 root - INFO - Hypothesis ba_005: float64, float64 
[ 2023-10-15 11:55:01,187 ] 89 root - INFO - Hypothesis ba_006: float64, float64 
[ 2023-10-15 11:55:01,192 ] 89 root - INFO - Hypothesis ba_007: float64, float64 
[ 2023-10-15 11:55:01,196 ] 89 root - INFO - Hypothesis ba_008: float64, float64 
[ 2023-10-15 11:55:01,199 ] 89 root - INFO - Hypothesis ba_009: float64, float64 
[ 2023-10-15 11:55:01,202 ] 89 root - INFO - Hypothesis bb_000: float64, float64 
[ 2023-10-15 11:55:01,206 ] 89 root - INFO - Hypothesis bc_000: float64, float64 
[ 2023-10-15 11:55:01,210 ] 89 root - INFO - Hypothesis bd_000: float64, float64 
[ 2023-10-15 11:55:01,214 ] 89 root - INFO - Hypothesis be_000: float64, float64 
[ 2023-10-15 11:55:01,219 ] 89 root - INFO - Hypothesis bf_000: float64, float64 
[ 2023-10-15 11:55:01,223 ] 89 root - INFO - Hypothesis bg_000: float64, float64 
[ 2023-10-15 11:55:01,227 ] 89 root - INFO - Hypothesis bh_000: float64, float64 
[ 2023-10-15 11:55:01,230 ] 89 root - INFO - Hypothesis bi_000: float64, float64 
[ 2023-10-15 11:55:01,236 ] 89 root - INFO - Hypothesis bj_000: float64, float64 
[ 2023-10-15 11:55:01,240 ] 89 root - INFO - Hypothesis bs_000: float64, float64 
[ 2023-10-15 11:55:01,245 ] 89 root - INFO - Hypothesis bt_000: float64, float64 
[ 2023-10-15 11:55:01,249 ] 89 root - INFO - Hypothesis bu_000: float64, float64 
[ 2023-10-15 11:55:01,252 ] 89 root - INFO - Hypothesis bv_000: float64, float64 
[ 2023-10-15 11:55:01,256 ] 89 root - INFO - Hypothesis bx_000: float64, float64 
[ 2023-10-15 11:55:01,260 ] 89 root - INFO - Hypothesis by_000: float64, float64 
[ 2023-10-15 11:55:01,264 ] 89 root - INFO - Hypothesis bz_000: float64, float64 
[ 2023-10-15 11:55:01,269 ] 89 root - INFO - Hypothesis ca_000: float64, float64 
[ 2023-10-15 11:55:01,273 ] 89 root - INFO - Hypothesis cb_000: float64, float64 
[ 2023-10-15 11:55:01,280 ] 89 root - INFO - Hypothesis cc_000: float64, float64 
[ 2023-10-15 11:55:01,284 ] 89 root - INFO - Hypothesis cd_000: float64, float64 
[ 2023-10-15 11:55:01,285 ] 89 root - INFO - Hypothesis ce_000: float64, float64 
[ 2023-10-15 11:55:01,290 ] 89 root - INFO - Hypothesis ci_000: float64, float64 
[ 2023-10-15 11:55:01,293 ] 89 root - INFO - Hypothesis cj_000: float64, float64 
[ 2023-10-15 11:55:01,296 ] 89 root - INFO - Hypothesis ck_000: float64, float64 
[ 2023-10-15 11:55:01,301 ] 89 root - INFO - Hypothesis cl_000: float64, float64 
[ 2023-10-15 11:55:01,307 ] 89 root - INFO - Hypothesis cm_000: float64, float64 
[ 2023-10-15 11:55:01,314 ] 89 root - INFO - Hypothesis cn_000: float64, float64 
[ 2023-10-15 11:55:01,316 ] 89 root - INFO - Hypothesis cn_001: float64, float64 
[ 2023-10-15 11:55:01,319 ] 89 root - INFO - Hypothesis cn_002: float64, float64 
[ 2023-10-15 11:55:01,324 ] 89 root - INFO - Hypothesis cn_003: float64, float64 
[ 2023-10-15 11:55:01,328 ] 89 root - INFO - Hypothesis cn_004: float64, float64 
[ 2023-10-15 11:55:01,331 ] 89 root - INFO - Hypothesis cn_005: float64, float64 
[ 2023-10-15 11:55:01,335 ] 89 root - INFO - Hypothesis cn_006: float64, float64 
[ 2023-10-15 11:55:01,340 ] 89 root - INFO - Hypothesis cn_007: float64, float64 
[ 2023-10-15 11:55:01,344 ] 89 root - INFO - Hypothesis cn_008: float64, float64 
[ 2023-10-15 11:55:01,349 ] 89 root - INFO - Hypothesis cn_009: float64, float64 
[ 2023-10-15 11:55:01,353 ] 89 root - INFO - Hypothesis cp_000: float64, float64 
[ 2023-10-15 11:55:01,357 ] 89 root - INFO - Hypothesis cq_000: float64, float64 
[ 2023-10-15 11:55:01,361 ] 89 root - INFO - Hypothesis cs_000: float64, float64 
[ 2023-10-15 11:55:01,367 ] 89 root - INFO - Hypothesis cs_001: float64, float64 
[ 2023-10-15 11:55:01,371 ] 89 root - INFO - Hypothesis cs_002: float64, float64 
[ 2023-10-15 11:55:01,375 ] 89 root - INFO - Hypothesis cs_003: float64, float64 
[ 2023-10-15 11:55:01,380 ] 89 root - INFO - Hypothesis cs_004: float64, float64 
[ 2023-10-15 11:55:01,385 ] 89 root - INFO - Hypothesis cs_005: float64, float64 
[ 2023-10-15 11:55:01,389 ] 89 root - INFO - Hypothesis cs_006: float64, float64 
[ 2023-10-15 11:55:01,392 ] 89 root - INFO - Hypothesis cs_007: float64, float64 
[ 2023-10-15 11:55:01,396 ] 89 root - INFO - Hypothesis cs_008: float64, float64 
[ 2023-10-15 11:55:01,400 ] 89 root - INFO - Hypothesis cs_009: float64, float64 
[ 2023-10-15 11:55:01,401 ] 89 root - INFO - Hypothesis dd_000: float64, float64 
[ 2023-10-15 11:55:01,406 ] 89 root - INFO - Hypothesis de_000: float64, float64 
[ 2023-10-15 11:55:01,410 ] 89 root - INFO - Hypothesis df_000: float64, float64 
[ 2023-10-15 11:55:01,412 ] 89 root - INFO - Hypothesis dg_000: float64, float64 
[ 2023-10-15 11:55:01,414 ] 89 root - INFO - Hypothesis dh_000: float64, float64 
[ 2023-10-15 11:55:01,418 ] 89 root - INFO - Hypothesis di_000: float64, float64 
[ 2023-10-15 11:55:01,420 ] 89 root - INFO - Hypothesis dj_000: float64, float64 
[ 2023-10-15 11:55:01,422 ] 89 root - INFO - Hypothesis dk_000: float64, float64 
[ 2023-10-15 11:55:01,424 ] 89 root - INFO - Hypothesis dl_000: float64, float64 
[ 2023-10-15 11:55:01,426 ] 89 root - INFO - Hypothesis dm_000: float64, float64 
[ 2023-10-15 11:55:01,428 ] 89 root - INFO - Hypothesis dn_000: float64, float64 
[ 2023-10-15 11:55:01,432 ] 89 root - INFO - Hypothesis do_000: float64, float64 
[ 2023-10-15 11:55:01,435 ] 89 root - INFO - Hypothesis dp_000: float64, float64 
[ 2023-10-15 11:55:01,439 ] 89 root - INFO - Hypothesis dq_000: float64, float64 
[ 2023-10-15 11:55:01,443 ] 89 root - INFO - Hypothesis dr_000: float64, float64 
[ 2023-10-15 11:55:01,447 ] 89 root - INFO - Hypothesis ds_000: float64, float64 
[ 2023-10-15 11:55:01,451 ] 89 root - INFO - Hypothesis dt_000: float64, float64 
[ 2023-10-15 11:55:01,455 ] 89 root - INFO - Hypothesis du_000: float64, float64 
[ 2023-10-15 11:55:01,460 ] 89 root - INFO - Hypothesis dv_000: float64, float64 
[ 2023-10-15 11:55:01,466 ] 89 root - INFO - Hypothesis dx_000: float64, float64 
[ 2023-10-15 11:55:01,470 ] 89 root - INFO - Hypothesis dy_000: float64, float64 
[ 2023-10-15 11:55:01,474 ] 89 root - INFO - Hypothesis dz_000: float64, float64 
[ 2023-10-15 11:55:01,476 ] 89 root - INFO - Hypothesis ea_000: float64, float64 
[ 2023-10-15 11:55:01,479 ] 89 root - INFO - Hypothesis eb_000: float64, float64 
[ 2023-10-15 11:55:01,484 ] 89 root - INFO - Hypothesis ec_00: float64, float64 
[ 2023-10-15 11:55:01,490 ] 89 root - INFO - Hypothesis ed_000: float64, float64 
[ 2023-10-15 11:55:01,495 ] 89 root - INFO - Hypothesis ee_000: float64, float64 
[ 2023-10-15 11:55:01,500 ] 89 root - INFO - Hypothesis ee_001: float64, float64 
[ 2023-10-15 11:55:01,504 ] 89 root - INFO - Hypothesis ee_002: float64, float64 
[ 2023-10-15 11:55:01,508 ] 89 root - INFO - Hypothesis ee_003: float64, float64 
[ 2023-10-15 11:55:01,512 ] 89 root - INFO - Hypothesis ee_004: float64, float64 
[ 2023-10-15 11:55:01,517 ] 89 root - INFO - Hypothesis ee_005: float64, float64 
[ 2023-10-15 11:55:01,520 ] 89 root - INFO - Hypothesis ee_006: float64, float64 
[ 2023-10-15 11:55:01,524 ] 89 root - INFO - Hypothesis ee_007: float64, float64 
[ 2023-10-15 11:55:01,528 ] 89 root - INFO - Hypothesis ee_008: float64, float64 
[ 2023-10-15 11:55:01,532 ] 89 root - INFO - Hypothesis ee_009: float64, float64 
[ 2023-10-15 11:55:01,535 ] 89 root - INFO - Hypothesis ef_000: float64, float64 
[ 2023-10-15 11:55:01,537 ] 89 root - INFO - Hypothesis eg_000: float64, float64 
[ 2023-10-15 11:55:01,539 ] 148 root - INFO - Write reprt in yaml file
[ 2023-10-15 11:55:01,628 ] 153 root - INFO - Data validation artifact: DataValidationArtifact(report_file_path='C:\\Users\\prash\\Downloads\\aps-fault-detection-main (2)\\aps-fault-detection-main-original\\artifact\\10152023__115446\\data_validation\\report.yaml')
[ 2023-10-15 11:55:01,644 ] 24 root - INFO - >>>>>>>>>>>>>>>>>>>>>>>>>>>>>>>>>>>>>>>> Data Transformation <<<<<<<<<<<<<<<<<<<<<<<<<<<<<<<<<<<<<<<<
[ 2023-10-15 11:55:01,959 ] 75 root - INFO - Before resampling in training set Input: (3999, 170) Target:(3999,)
[ 2023-10-15 11:55:02,673 ] 77 root - INFO - After resampling in training set Input: (7136, 170) Target:(7136,)
[ 2023-10-15 11:55:02,674 ] 79 root - INFO - Before resampling in testing set Input: (1000, 170) Target:(1000,)
[ 2023-10-15 11:55:02,726 ] 81 root - INFO - After resampling in testing set Input: (1758, 170) Target:(1758,)
[ 2023-10-15 11:55:02,751 ] 54 root - INFO - Entered the save_object method of utils
[ 2023-10-15 11:55:02,759 ] 58 root - INFO - Exited the save_object method of utils
[ 2023-10-15 11:55:02,759 ] 54 root - INFO - Entered the save_object method of utils
[ 2023-10-15 11:55:02,763 ] 58 root - INFO - Exited the save_object method of utils
[ 2023-10-15 11:55:02,763 ] 112 root - INFO - Data transformation object DataTransformationArtifact(transform_object_path='C:\\Users\\prash\\Downloads\\aps-fault-detection-main (2)\\aps-fault-detection-main-original\\artifact\\10152023__115446\\data_transformation\\transformer\\transformer.pkl', transformed_train_path='C:\\Users\\prash\\Downloads\\aps-fault-detection-main (2)\\aps-fault-detection-main-original\\artifact\\10152023__115446\\data_transformation\\transformed\\train.npz', transformed_test_path='C:\\Users\\prash\\Downloads\\aps-fault-detection-main (2)\\aps-fault-detection-main-original\\artifact\\10152023__115446\\data_transformation\\transformed\\test.npz', target_encoder_path='C:\\Users\\prash\\Downloads\\aps-fault-detection-main (2)\\aps-fault-detection-main-original\\artifact\\10152023__115446\\data_transformation\\target_encoder\\target_encoder.pkl')
[ 2023-10-15 11:55:02,768 ] 18 root - INFO - >>>>>>>>>>>>>>>>>>>>>>>>>>>>>>>>>>>>>>>> Model Trainer <<<<<<<<<<<<<<<<<<<<<<<<<<<<<<<<<<<<<<<<
[ 2023-10-15 11:55:02,768 ] 45 root - INFO - Loading train and test array.
[ 2023-10-15 11:55:02,813 ] 49 root - INFO - Splitting input and target feature from both train and test arr.
[ 2023-10-15 11:55:02,813 ] 53 root - INFO - Train the model
[ 2023-10-15 11:55:06,140 ] 56 root - INFO - Calculating f1 train score
[ 2023-10-15 11:55:06,174 ] 60 root - INFO - Calculating f1 test score
[ 2023-10-15 11:55:06,193 ] 64 root - INFO - train score:1.0 and tests score 0.9665127020785219
[ 2023-10-15 11:55:06,193 ] 66 root - INFO - Checking if our model is underfitting or not
[ 2023-10-15 11:55:06,194 ] 71 root - INFO - Checking if our model is overfiiting or not
[ 2023-10-15 11:55:06,194 ] 78 root - INFO - Saving mode object
[ 2023-10-15 11:55:06,194 ] 54 root - INFO - Entered the save_object method of utils
[ 2023-10-15 11:55:06,203 ] 58 root - INFO - Exited the save_object method of utils
[ 2023-10-15 11:55:06,204 ] 82 root - INFO - Prepare the artifact
[ 2023-10-15 11:55:06,204 ] 85 root - INFO - Model trainer artifact: ModelTrainerArtifact(model_path='C:\\Users\\prash\\Downloads\\aps-fault-detection-main (2)\\aps-fault-detection-main-original\\artifact\\10152023__115446\\model_trainer\\model\\model.pkl', f1_train_score=1.0, f1_test_score=0.9665127020785219)
[ 2023-10-15 11:55:06,207 ] 19 root - INFO - >>>>>>>>>>>>>>>>>>>>>>>>>>>>>>>>>>>>>>>>  Model Evaluation <<<<<<<<<<<<<<<<<<<<<<<<<<<<<<<<<<<<<<<<
[ 2023-10-15 11:55:06,208 ] 35 root - INFO - if saved model folder has model the we will compare which model is best trained or the model from saved model folder
[ 2023-10-15 11:55:06,209 ] 41 root - INFO - Model evaluation artifact: ModelEvaluationArtifact(is_model_accepted=True, improved_accuracy=None)
[ 2023-10-15 11:55:06,209 ] 17 root - INFO - >>>>>>>>>>>>>>>>>>>>>>>>>>>>>>>>>>>>>>>> Data Transformation <<<<<<<<<<<<<<<<<<<<<<<<<<<<<<<<<<<<<<<<
[ 2023-10-15 11:55:06,210 ] 28 root - INFO - Loading transformer model and target encoder
[ 2023-10-15 11:55:06,251 ] 34 root - INFO - Saving model into model pusher directory
[ 2023-10-15 11:55:06,251 ] 54 root - INFO - Entered the save_object method of utils
[ 2023-10-15 11:55:06,259 ] 58 root - INFO - Exited the save_object method of utils
[ 2023-10-15 11:55:06,260 ] 54 root - INFO - Entered the save_object method of utils
[ 2023-10-15 11:55:06,269 ] 58 root - INFO - Exited the save_object method of utils
[ 2023-10-15 11:55:06,269 ] 54 root - INFO - Entered the save_object method of utils
[ 2023-10-15 11:55:06,272 ] 58 root - INFO - Exited the save_object method of utils
[ 2023-10-15 11:55:06,273 ] 41 root - INFO - Saving model in saved model dir
[ 2023-10-15 11:55:06,273 ] 54 root - INFO - Entered the save_object method of utils
[ 2023-10-15 11:55:06,281 ] 58 root - INFO - Exited the save_object method of utils
[ 2023-10-15 11:55:06,281 ] 54 root - INFO - Entered the save_object method of utils
[ 2023-10-15 11:55:06,291 ] 58 root - INFO - Exited the save_object method of utils
[ 2023-10-15 11:55:06,291 ] 54 root - INFO - Entered the save_object method of utils
[ 2023-10-15 11:55:06,296 ] 58 root - INFO - Exited the save_object method of utils
[ 2023-10-15 11:55:06,297 ] 52 root - INFO - Model pusher artifact: ModelPusherArtifact(pusher_model_dir='C:\\Users\\prash\\Downloads\\aps-fault-detection-main (2)\\aps-fault-detection-main-original\\artifact\\10152023__115446\\model_pusher\\saved_models', saved_model_dir='saved_models')
